<?xml version="1.0" encoding="UTF-8"?>
<!-- Generated by org.testng.reporters.JUnitReportReporter -->
<testsuite name="booking.Airbnb" tests="1" time="15.298" ignored="1" failures="0" timestamp="20 May 2020 08:54:59 GMT" skipped="0" hostname="AbhayPC" errors="0">
  <testcase name="access" time="15.298" classname="booking.Airbnb"/>
  <testcase name="signup" classname="booking.Airbnb">
    <skipped/>
  </testcase> <!-- signup -->
</testsuite> <!-- booking.Airbnb -->
