<?xml version="1.0" encoding="UTF-8"?>
<!-- Generated by org.testng.reporters.JUnitReportReporter -->
<testsuite name="booking.Makemytrip" tests="1" time="23.904" ignored="0" failures="0" timestamp="19 May 2020 08:38:40 GMT" skipped="0" hostname="AbhayPC" errors="0">
  <testcase name="MMT" time="23.904" classname="booking.Makemytrip"/>
</testsuite> <!-- booking.Makemytrip -->
