<?xml version="1.0" encoding="UTF-8"?>
<!-- Generated by org.testng.reporters.JUnitReportReporter -->
<testsuite name="booking.Yatra" tests="1" time="16.649" ignored="0" failures="0" timestamp="19 May 2020 08:38:40 GMT" skipped="0" hostname="AbhayPC" errors="0">
  <testcase name="hotelBooking" time="16.649" classname="booking.Yatra"/>
</testsuite> <!-- booking.Yatra -->
