<?xml version="1.0" encoding="UTF-8"?>
<!-- Generated by org.testng.reporters.JUnitReportReporter -->
<testsuite name="Airbnb" tests="1" time="17.335" ignored="0" failures="0" timestamp="18 May 2020 08:31:42 GMT" skipped="0" hostname="AbhayPC" errors="0">
  <testcase name="access" time="17.335" classname="Airbnb"/>
</testsuite> <!-- Airbnb -->
