<?xml version="1.0" encoding="UTF-8"?>
<!-- Generated by org.testng.reporters.JUnitReportReporter -->
<testsuite name="Makemytrip" tests="1" time="16.993" ignored="0" failures="0" timestamp="18 May 2020 08:11:02 GMT" skipped="0" hostname="AbhayPC" errors="0">
  <testcase name="MMT" time="16.993" classname="Makemytrip"/>
</testsuite> <!-- Makemytrip -->
