<?xml version="1.0" encoding="UTF-8"?>
<!-- Generated by org.testng.reporters.JUnitReportReporter -->
<testsuite hostname="AbhayPC" failures="0" tests="1" name="consumercare.SecondTest" time="10.261" errors="0" timestamp="24 May 2020 19:36:20 GMT" skipped="0">
  <testcase classname="consumercare.SecondTest" name="getCourses" time="10.261"/>
</testsuite> <!-- consumercare.SecondTest -->
