<?xml version="1.0" encoding="UTF-8"?>
<!-- Generated by org.testng.reporters.JUnitReportReporter -->
<testsuite hostname="AbhayPC" failures="0" tests="2" name="consumercare.FirstTest" time="32.697" errors="0" timestamp="24 May 2020 19:36:20 GMT" skipped="0">
  <testcase classname="consumercare.FirstTest" name="start" time="16.256"/>
  <testcase classname="consumercare.FirstTest" name="start" time="16.441"/>
</testsuite> <!-- consumercare.FirstTest -->
