<?xml version="1.0" encoding="UTF-8"?>
<!-- Generated by org.testng.reporters.JUnitReportReporter -->
<testsuite hostname="AbhayPC" failures="0" tests="2" name="consumercare.FirstTest" time="41.592" errors="0" timestamp="25 May 2020 04:32:16 GMT" skipped="0">
  <testcase classname="consumercare.FirstTest" name="start" time="16.787"/>
  <testcase classname="consumercare.FirstTest" name="start" time="24.805"/>
</testsuite> <!-- consumercare.FirstTest -->
