<?xml version="1.0" encoding="UTF-8"?>
<!-- Generated by org.testng.reporters.JUnitReportReporter -->
<testsuite ignored="0" hostname="AbhayPC" failures="0" tests="1" name="PracticeTest.Restart.FirstTest" time="6.819" errors="0" timestamp="24 May 2020 11:53:07 GMT" skipped="0">
  <testcase classname="PracticeTest.Restart.FirstTest" name="test1" time="6.819"/>
</testsuite> <!-- PracticeTest.Restart.FirstTest -->
