<?xml version="1.0" encoding="UTF-8"?>
<!-- Generated by org.testng.reporters.JUnitReportReporter -->
<testsuite ignored="0" hostname="AbhayPC" failures="0" tests="2" name="PracticeTest.Restart.ThirdTest" time="24.987" errors="0" timestamp="23 May 2020 14:03:33 GMT" skipped="0">
  <testcase classname="PracticeTest.Restart.ThirdTest" name="tableTest" time="13.008"/>
  <testcase classname="PracticeTest.Restart.ThirdTest" name="tableTest" time="11.979"/>
</testsuite> <!-- PracticeTest.Restart.ThirdTest -->
