<?xml version="1.0" encoding="UTF-8"?>
<!-- Generated by org.testng.reporters.JUnitReportReporter -->
<testsuite ignored="0" hostname="AbhayPC" failures="0" tests="1" name="PracticeTest.Restart.SecondTest" time="7.438" errors="0" timestamp="23 May 2020 14:03:33 GMT" skipped="0">
  <testcase classname="PracticeTest.Restart.SecondTest" name="secondTest" time="7.438"/>
</testsuite> <!-- PracticeTest.Restart.SecondTest -->
