<?xml version="1.0" encoding="UTF-8"?>
<!-- Generated by org.testng.reporters.JUnitReportReporter -->
<testsuite ignored="0" hostname="AbhayPC" failures="0" tests="1" name="PracticeTest.Restart.SecondTest" time="14.277" errors="0" timestamp="23 May 2020 09:51:01 GMT" skipped="0">
  <testcase classname="PracticeTest.Restart.SecondTest" name="secondTest" time="14.277"/>
</testsuite> <!-- PracticeTest.Restart.SecondTest -->
