<?xml version="1.0" encoding="UTF-8"?>
<!-- Generated by org.testng.reporters.JUnitReportReporter -->
<testsuite ignored="0" hostname="AbhayPC" failures="0" tests="1" name="PracticeTest.Restart.FirstTest" time="18.651" errors="0" timestamp="23 May 2020 09:53:23 GMT" skipped="0">
  <testcase classname="PracticeTest.Restart.FirstTest" name="test1" time="18.651"/>
</testsuite> <!-- PracticeTest.Restart.FirstTest -->
